nohup: ignoring input
Watching for file changes with StatReloader
[05/Oct/2023 18:23:21] "GET / HTTP/1.1" 200 1186
[05/Oct/2023 18:23:21] "GET /static/css/game.css HTTP/1.1" 200 815
[05/Oct/2023 18:23:21] "GET /static/js/dist/game.js HTTP/1.1" 200 10474
[05/Oct/2023 18:23:49] "GET / HTTP/1.1" 200 1186
[05/Oct/2023 18:23:49] "GET /static/css/game.css HTTP/1.1" 200 815
[05/Oct/2023 18:23:49] "GET /static/js/dist/game.js HTTP/1.1" 200 10474
[05/Oct/2023 18:24:59] "GET / HTTP/1.1" 200 1186
[05/Oct/2023 18:24:59] "GET /static/css/game.css HTTP/1.1" 200 815
[05/Oct/2023 18:24:59] "GET /static/js/dist/game.js HTTP/1.1" 200 10474
Invalid HTTP_HOST header: '110.242.68.4'. You may need to add '110.242.68.4' to ALLOWED_HOSTS.
Traceback (most recent call last):
  File "/home/jackson/code/py/django/acapp/.venv/lib/python3.8/site-packages/django/core/handlers/exception.py", line 55, in inner
    response = get_response(request)
  File "/home/jackson/code/py/django/acapp/.venv/lib/python3.8/site-packages/django/utils/deprecation.py", line 133, in __call__
    response = self.process_request(request)
  File "/home/jackson/code/py/django/acapp/.venv/lib/python3.8/site-packages/django/middleware/common.py", line 48, in process_request
    host = request.get_host()
  File "/home/jackson/code/py/django/acapp/.venv/lib/python3.8/site-packages/django/http/request.py", line 150, in get_host
    raise DisallowedHost(msg)
django.core.exceptions.DisallowedHost: Invalid HTTP_HOST header: '110.242.68.4'. You may need to add '110.242.68.4' to ALLOWED_HOSTS.
Bad Request: /http:/110.242.68.4/
[05/Oct/2023 18:27:50] "HEAD http://110.242.68.4/ HTTP/1.1" 400 0
[05/Oct/2023 18:32:45] "GET / HTTP/1.1" 200 1186
[05/Oct/2023 18:32:45] "GET /static/css/game.css HTTP/1.1" 200 815
[05/Oct/2023 18:32:45] "GET /static/js/dist/game.js HTTP/1.1" 200 10474
Invalid HTTP_HOST header: 'www.minghui.org'. You may need to add 'www.minghui.org' to ALLOWED_HOSTS.
Traceback (most recent call last):
  File "/home/jackson/code/py/django/acapp/.venv/lib/python3.8/site-packages/django/core/handlers/exception.py", line 55, in inner
    response = get_response(request)
  File "/home/jackson/code/py/django/acapp/.venv/lib/python3.8/site-packages/django/utils/deprecation.py", line 133, in __call__
    response = self.process_request(request)
  File "/home/jackson/code/py/django/acapp/.venv/lib/python3.8/site-packages/django/middleware/common.py", line 48, in process_request
    host = request.get_host()
  File "/home/jackson/code/py/django/acapp/.venv/lib/python3.8/site-packages/django/http/request.py", line 150, in get_host
    raise DisallowedHost(msg)
django.core.exceptions.DisallowedHost: Invalid HTTP_HOST header: 'www.minghui.org'. You may need to add 'www.minghui.org' to ALLOWED_HOSTS.
Bad Request: /http:/www.minghui.org/
Invalid HTTP_HOST header: 'dnspod.qcloud.com:443'. You may need to add 'dnspod.qcloud.com' to ALLOWED_HOSTS.
Traceback (most recent call last):
  File "/home/jackson/code/py/django/acapp/.venv/lib/python3.8/site-packages/django/core/handlers/exception.py", line 55, in inner
    response = get_response(request)
  File "/home/jackson/code/py/django/acapp/.venv/lib/python3.8/site-packages/django/utils/deprecation.py", line 133, in __call__
    response = self.process_request(request)
  File "/home/jackson/code/py/django/acapp/.venv/lib/python3.8/site-packages/django/middleware/common.py", line 48, in process_request
    host = request.get_host()
  File "/home/jackson/code/py/django/acapp/.venv/lib/python3.8/site-packages/django/http/request.py", line 150, in get_host
    raise DisallowedHost(msg)
django.core.exceptions.DisallowedHost: Invalid HTTP_HOST header: 'dnspod.qcloud.com:443'. You may need to add 'dnspod.qcloud.com' to ALLOWED_HOSTS.
Bad Request: /dnspod.qcloud.com:443
[05/Oct/2023 18:36:07] "CONNECT dnspod.qcloud.com:443 HTTP/1.1" 400 64132
Invalid HTTP_HOST header: 'www.baidu.com:443'. You may need to add 'www.baidu.com' to ALLOWED_HOSTS.
Traceback (most recent call last):
  File "/home/jackson/code/py/django/acapp/.venv/lib/python3.8/site-packages/django/core/handlers/exception.py", line 55, in inner
    response = get_response(request)
  File "/home/jackson/code/py/django/acapp/.venv/lib/python3.8/site-packages/django/utils/deprecation.py", line 133, in __call__
    response = self.process_request(request)
  File "/home/jackson/code/py/django/acapp/.venv/lib/python3.8/site-packages/django/middleware/common.py", line 48, in process_request
    host = request.get_host()
  File "/home/jackson/code/py/django/acapp/.venv/lib/python3.8/site-packages/django/http/request.py", line 150, in get_host
    raise DisallowedHost(msg)
django.core.exceptions.DisallowedHost: Invalid HTTP_HOST header: 'www.baidu.com:443'. You may need to add 'www.baidu.com' to ALLOWED_HOSTS.
Bad Request: /www.baidu.com:443
[05/Oct/2023 18:36:09] "CONNECT www.baidu.com:443 HTTP/1.1" 400 64030
Invalid HTTP_HOST header: 'www.soso.com'. You may need to add 'www.soso.com' to ALLOWED_HOSTS.
Traceback (most recent call last):
  File "/home/jackson/code/py/django/acapp/.venv/lib/python3.8/site-packages/django/core/handlers/exception.py", line 55, in inner
    response = get_response(request)
  File "/home/jackson/code/py/django/acapp/.venv/lib/python3.8/site-packages/django/utils/deprecation.py", line 133, in __call__
    response = self.process_request(request)
  File "/home/jackson/code/py/django/acapp/.venv/lib/python3.8/site-packages/django/middleware/common.py", line 48, in process_request
    host = request.get_host()
  File "/home/jackson/code/py/django/acapp/.venv/lib/python3.8/site-packages/django/http/request.py", line 150, in get_host
    raise DisallowedHost(msg)
django.core.exceptions.DisallowedHost: Invalid HTTP_HOST header: 'www.soso.com'. You may need to add 'www.soso.com' to ALLOWED_HOSTS.
Bad Request: /http:/www.soso.com/
[05/Oct/2023 18:36:09] "GET http://www.soso.com/ HTTP/1.1" 400 64832
Invalid HTTP_HOST header: 'dongtaiwang.com'. You may need to add 'dongtaiwang.com' to ALLOWED_HOSTS.
Traceback (most recent call last):
  File "/home/jackson/code/py/django/acapp/.venv/lib/python3.8/site-packages/django/core/handlers/exception.py", line 55, in inner
    response = get_response(request)
  File "/home/jackson/code/py/django/acapp/.venv/lib/python3.8/site-packages/django/utils/deprecation.py", line 133, in __call__
    response = self.process_request(request)
  File "/home/jackson/code/py/django/acapp/.venv/lib/python3.8/site-packages/django/middleware/common.py", line 48, in process_request
    host = request.get_host()
  File "/home/jackson/code/py/django/acapp/.venv/lib/python3.8/site-packages/django/http/request.py", line 150, in get_host
    raise DisallowedHost(msg)
django.core.exceptions.DisallowedHost: Invalid HTTP_HOST header: 'dongtaiwang.com'. You may need to add 'dongtaiwang.com' to ALLOWED_HOSTS.
Bad Request: /http:/dongtaiwang.com/
Invalid HTTP_HOST header: 'www.so.com:443'. You may need to add 'www.so.com' to ALLOWED_HOSTS.
Traceback (most recent call last):
  File "/home/jackson/code/py/django/acapp/.venv/lib/python3.8/site-packages/django/core/handlers/exception.py", line 55, in inner
    response = get_response(request)
  File "/home/jackson/code/py/django/acapp/.venv/lib/python3.8/site-packages/django/utils/deprecation.py", line 133, in __call__
    response = self.process_request(request)
  File "/home/jackson/code/py/django/acapp/.venv/lib/python3.8/site-packages/django/middleware/common.py", line 48, in process_request
    host = request.get_host()
  File "/home/jackson/code/py/django/acapp/.venv/lib/python3.8/site-packages/django/http/request.py", line 150, in get_host
    raise DisallowedHost(msg)
django.core.exceptions.DisallowedHost: Invalid HTTP_HOST header: 'www.so.com:443'. You may need to add 'www.so.com' to ALLOWED_HOSTS.
Bad Request: /www.so.com:443
Invalid HTTP_HOST header: 'www.rfa.org'. You may need to add 'www.rfa.org' to ALLOWED_HOSTS.
Traceback (most recent call last):
  File "/home/jackson/code/py/django/acapp/.venv/lib/python3.8/site-packages/django/core/handlers/exception.py", line 55, in inner
    response = get_response(request)
  File "/home/jackson/code/py/django/acapp/.venv/lib/python3.8/site-packages/django/utils/deprecation.py", line 133, in __call__
    response = self.process_request(request)
  File "/home/jackson/code/py/django/acapp/.venv/lib/python3.8/site-packages/django/middleware/common.py", line 48, in process_request
    host = request.get_host()
  File "/home/jackson/code/py/django/acapp/.venv/lib/python3.8/site-packages/django/http/request.py", line 150, in get_host
    raise DisallowedHost(msg)
django.core.exceptions.DisallowedHost: Invalid HTTP_HOST header: 'www.rfa.org'. You may need to add 'www.rfa.org' to ALLOWED_HOSTS.
Bad Request: /http:/www.rfa.org/english/
[05/Oct/2023 18:36:10] "CONNECT www.so.com:443 HTTP/1.1" 400 63952
Invalid HTTP_HOST header: 'dnspod.qcloud.com:443'. You may need to add 'dnspod.qcloud.com' to ALLOWED_HOSTS.
Traceback (most recent call last):
  File "/home/jackson/code/py/django/acapp/.venv/lib/python3.8/site-packages/django/core/handlers/exception.py", line 55, in inner
    response = get_response(request)
  File "/home/jackson/code/py/django/acapp/.venv/lib/python3.8/site-packages/django/utils/deprecation.py", line 133, in __call__
    response = self.process_request(request)
  File "/home/jackson/code/py/django/acapp/.venv/lib/python3.8/site-packages/django/middleware/common.py", line 48, in process_request
    host = request.get_host()
  File "/home/jackson/code/py/django/acapp/.venv/lib/python3.8/site-packages/django/http/request.py", line 150, in get_host
    raise DisallowedHost(msg)
django.core.exceptions.DisallowedHost: Invalid HTTP_HOST header: 'dnspod.qcloud.com:443'. You may need to add 'dnspod.qcloud.com' to ALLOWED_HOSTS.
Bad Request: /dnspod.qcloud.com:443
Invalid HTTP_HOST header: 'cn.bing.com:443'. You may need to add 'cn.bing.com' to ALLOWED_HOSTS.
Traceback (most recent call last):
  File "/home/jackson/code/py/django/acapp/.venv/lib/python3.8/site-packages/django/core/handlers/exception.py", line 55, in inner
    response = get_response(request)
  File "/home/jackson/code/py/django/acapp/.venv/lib/python3.8/site-packages/django/utils/deprecation.py", line 133, in __call__
    response = self.process_request(request)
  File "/home/jackson/code/py/django/acapp/.venv/lib/python3.8/site-packages/django/middleware/common.py", line 48, in process_request
    host = request.get_host()
  File "/home/jackson/code/py/django/acapp/.venv/lib/python3.8/site-packages/django/http/request.py", line 150, in get_host
    raise DisallowedHost(msg)
django.core.exceptions.DisallowedHost: Invalid HTTP_HOST header: 'cn.bing.com:443'. You may need to add 'cn.bing.com' to ALLOWED_HOSTS.
Bad Request: /cn.bing.com:443
[05/Oct/2023 18:36:10] "CONNECT dnspod.qcloud.com:443 HTTP/1.1" 400 64134
[05/Oct/2023 18:36:10] "CONNECT cn.bing.com:443 HTTP/1.1" 400 63978
Invalid HTTP_HOST header: 'www.voanews.com:443'. You may need to add 'www.voanews.com' to ALLOWED_HOSTS.
Traceback (most recent call last):
  File "/home/jackson/code/py/django/acapp/.venv/lib/python3.8/site-packages/django/core/handlers/exception.py", line 55, in inner
    response = get_response(request)
  File "/home/jackson/code/py/django/acapp/.venv/lib/python3.8/site-packages/django/utils/deprecation.py", line 133, in __call__
    response = self.process_request(request)
  File "/home/jackson/code/py/django/acapp/.venv/lib/python3.8/site-packages/django/middleware/common.py", line 48, in process_request
    host = request.get_host()
  File "/home/jackson/code/py/django/acapp/.venv/lib/python3.8/site-packages/django/http/request.py", line 150, in get_host
    raise DisallowedHost(msg)
django.core.exceptions.DisallowedHost: Invalid HTTP_HOST header: 'www.voanews.com:443'. You may need to add 'www.voanews.com' to ALLOWED_HOSTS.
Invalid HTTP_HOST header: 'www.epochtimes.com'. You may need to add 'www.epochtimes.com' to ALLOWED_HOSTS.
Traceback (most recent call last):
  File "/home/jackson/code/py/django/acapp/.venv/lib/python3.8/site-packages/django/core/handlers/exception.py", line 55, in inner
    response = get_response(request)
  File "/home/jackson/code/py/django/acapp/.venv/lib/python3.8/site-packages/django/utils/deprecation.py", line 133, in __call__
    response = self.process_request(request)
  File "/home/jackson/code/py/django/acapp/.venv/lib/python3.8/site-packages/django/middleware/common.py", line 48, in process_request
    host = request.get_host()
  File "/home/jackson/code/py/django/acapp/.venv/lib/python3.8/site-packages/django/http/request.py", line 150, in get_host
    raise DisallowedHost(msg)
django.core.exceptions.DisallowedHost: Invalid HTTP_HOST header: 'www.epochtimes.com'. You may need to add 'www.epochtimes.com' to ALLOWED_HOSTS.
Bad Request: /www.voanews.com:443
Bad Request: /http:/www.epochtimes.com/
[05/Oct/2023 18:36:11] "CONNECT www.voanews.com:443 HTTP/1.1" 400 64081
Invalid HTTP_HOST header: 'dnspod.qcloud.com:443'. You may need to add 'dnspod.qcloud.com' to ALLOWED_HOSTS.
Traceback (most recent call last):
  File "/home/jackson/code/py/django/acapp/.venv/lib/python3.8/site-packages/django/core/handlers/exception.py", line 55, in inner
    response = get_response(request)
  File "/home/jackson/code/py/django/acapp/.venv/lib/python3.8/site-packages/django/utils/deprecation.py", line 133, in __call__
    response = self.process_request(request)
  File "/home/jackson/code/py/django/acapp/.venv/lib/python3.8/site-packages/django/middleware/common.py", line 48, in process_request
    host = request.get_host()
  File "/home/jackson/code/py/django/acapp/.venv/lib/python3.8/site-packages/django/http/request.py", line 150, in get_host
    raise DisallowedHost(msg)
django.core.exceptions.DisallowedHost: Invalid HTTP_HOST header: 'dnspod.qcloud.com:443'. You may need to add 'dnspod.qcloud.com' to ALLOWED_HOSTS.
Bad Request: /dnspod.qcloud.com:443
[05/Oct/2023 18:36:11] "CONNECT dnspod.qcloud.com:443 HTTP/1.1" 400 64135
Invalid HTTP_HOST header: 'www.wujieliulan.com'. You may need to add 'www.wujieliulan.com' to ALLOWED_HOSTS.
Traceback (most recent call last):
  File "/home/jackson/code/py/django/acapp/.venv/lib/python3.8/site-packages/django/core/handlers/exception.py", line 55, in inner
    response = get_response(request)
  File "/home/jackson/code/py/django/acapp/.venv/lib/python3.8/site-packages/django/utils/deprecation.py", line 133, in __call__
    response = self.process_request(request)
  File "/home/jackson/code/py/django/acapp/.venv/lib/python3.8/site-packages/django/middleware/common.py", line 48, in process_request
    host = request.get_host()
  File "/home/jackson/code/py/django/acapp/.venv/lib/python3.8/site-packages/django/http/request.py", line 150, in get_host
    raise DisallowedHost(msg)
django.core.exceptions.DisallowedHost: Invalid HTTP_HOST header: 'www.wujieliulan.com'. You may need to add 'www.wujieliulan.com' to ALLOWED_HOSTS.
Bad Request: /http:/www.wujieliulan.com/
[05/Oct/2023 18:36:12] "GET http://www.wujieliulan.com/ HTTP/1.1" 400 65015
[05/Oct/2023 18:49:04] "GET / HTTP/1.1" 200 1186
[05/Oct/2023 18:49:04] "GET /static/css/game.css HTTP/1.1" 200 815
[05/Oct/2023 18:49:05] "GET /static/js/dist/game.js HTTP/1.1" 200 10474
[05/Oct/2023 19:39:12] "GET / HTTP/1.1" 200 1186
[05/Oct/2023 19:39:12] code 505, message Invalid HTTP version (2.0)
[05/Oct/2023 19:39:12] "PRI * HTTP/2.0" 505 -
Not Found: /favicon.ico
[05/Oct/2023 19:39:13] "GET /favicon.ico HTTP/1.1" 404 2740
[05/Oct/2023 20:16:47] "GET / HTTP/1.1" 200 1186
[05/Oct/2023 20:16:48] "GET /static/css/game.css HTTP/1.1" 200 815
[05/Oct/2023 20:16:48] "GET /static/js/dist/game.js HTTP/1.1" 200 10474
Not Found: /aaa9
[05/Oct/2023 20:37:11] "GET /aaa9 HTTP/1.1" 404 2719
Not Found: /aab8
[05/Oct/2023 20:37:19] "GET /aab8 HTTP/1.1" 404 2719
[05/Oct/2023 20:37:24] "GET / HTTP/1.1" 200 1186
[05/Oct/2023 21:04:21] "GET / HTTP/1.1" 200 1186
[05/Oct/2023 21:04:21] "GET / HTTP/1.1" 200 1186
[05/Oct/2023 21:04:21] "GET / HTTP/1.1" 200 1186
[05/Oct/2023 21:04:21] "GET / HTTP/1.1" 200 1186
[05/Oct/2023 21:04:21] "GET /static/css/game.css HTTP/1.1" 304 0
[05/Oct/2023 21:04:22] "GET /static/js/dist/game.js HTTP/1.1" 304 0
[05/Oct/2023 21:09:36] "GET / HTTP/1.1" 200 1186
[05/Oct/2023 21:16:49] "GET / HTTP/1.1" 200 1186
[05/Oct/2023 21:16:49] "GET / HTTP/1.1" 200 1186
[05/Oct/2023 21:16:49] "GET / HTTP/1.1" 200 1186
[05/Oct/2023 21:16:49] "GET / HTTP/1.1" 200 1186
[05/Oct/2023 21:16:49] "GET / HTTP/1.1" 200 1186
